<?xml version="1.0" encoding="UTF-8"?>
<!-- Generated by org.testng.reporters.JUnitXMLReporter -->
<testsuite ignored="3" hostname="LAPTOP-N9IBNQH5" failures="0" tests="11" name="Free CRM App Test Cases" time="290.206" errors="0" timestamp="2021-08-30T20:43:40 BDT">
  <testcase classname="com.crm.qa.testdata.ContactsPageTest" name="createValidateNewContact2" time="10.41"/>
  <testcase classname="com.crm.qa.testdata.ContactsPageTest" name="createValidateNewContact2" time="9.421"/>
  <testcase classname="com.crm.qa.testdata.ContactsPageTest" name="createValidateNewContact2" time="10.231"/>
  <testcase classname="com.crm.qa.testdata.HomePageTest" name="verifyHomePageTitle" time="0.004"/>
  <testcase classname="com.crm.qa.testdata.HomePageTest" name="verifyUserNameTest" time="2.177"/>
  <testcase classname="com.crm.qa.testdata.HomePageTest" name="verifyContactLinkTest" time="1.831"/>
  <testcase classname="com.crm.qa.testdata.HomePageTest" name="verifyDealsLinkTest" time="2.78"/>
  <testcase classname="com.crm.qa.testdata.HomePageTest" name="verifyTasksLinkTest" time="2.972"/>
  <testcase classname="com.crm.qa.testdata.LoginPageTest" name="loginPageTitle" time="0.003"/>
  <testcase classname="com.crm.qa.testdata.LoginPageTest" name="crmLogoTest" time="0.589"/>
  <testcase classname="com.crm.qa.testdata.LoginPageTest" name="loginTest" time="12.283"/>
  <testcase classname="com.crm.qa.testdata.ContactsPageTest" name="verifyContactsPageLabel" time="0.0">
    <ignored/>
  </testcase> <!-- verifyContactsPageLabel -->
  <testcase classname="com.crm.qa.testdata.ContactsPageTest" name="selectContactsTest" time="0.0">
    <ignored/>
  </testcase> <!-- selectContactsTest -->
  <testcase classname="com.crm.qa.testdata.ContactsPageTest" name="createValidateNewContact" time="0.0">
    <ignored/>
  </testcase> <!-- createValidateNewContact -->
</testsuite> <!-- Free CRM App Test Cases -->
